Base path: 'D:/unity folder/2022.1.0b3/Editor/Data', plugins path 'D:/unity folder/2022.1.0b3/Editor/Data/PlaybackEngines'
Cmd: initializeCompiler

Cmd: compileComputeKernel
  insize=476 file=C:/Unity projects/axyennaya igra ot MSL/Library/PackageCache/com.unity.render-pipelines.high-definition@13.1.4/Runtime/Lighting/LightLoop/lightlistbuild-clearatomic.compute kernel=ClearAtomic ppOnly=0 stripLineD=0 buildPlatform=21 km=<UNITY_VERSION=202210> pKW=UNITY_ENABLE_REFLECTION_BUFFERS UNITY_NO_SCREENSPACE_SHADOWS UNITY_PBS_USE_BRDF3 SHADER_API_DESKTOP UNITY_LIGHTMAP_FULL_HDR uKW=SHADER_STAGE_COMPUTE platform=d3d11 flags=0 reqs=16385 forceDXC=0 forceFXC=0 ok=1 outsize=324

Cmd: compileComputeKernel
  insize=3296 file=C:/Unity projects/axyennaya igra ot MSL/Library/PackageCache/com.unity.render-pipelines.high-definition@13.1.4/Runtime/Lighting/LightLoop/builddispatchindirect.compute kernel=BuildIndirect ppOnly=0 stripLineD=0 buildPlatform=21 km=<UNITY_VERSION=202210> pKW=UNITY_ENABLE_REFLECTION_BUFFERS UNITY_NO_SCREENSPACE_SHADOWS UNITY_PBS_USE_BRDF3 SHADER_API_DESKTOP UNITY_LIGHTMAP_FULL_HDR uKW=SHADER_STAGE_COMPUTE platform=d3d11 flags=0 reqs=16385 forceDXC=0 forceFXC=0 ok=1 outsize=2149

Cmd: compileComputeKernel
  insize=4787 file=C:/Unity projects/axyennaya igra ot MSL/Library/PackageCache/com.unity.render-pipelines.high-definition@13.1.4/Runtime/Lighting/ScreenSpaceLighting/GTAOSpatialDenoise.compute kernel=SpatialDenoise ppOnly=0 stripLineD=0 buildPlatform=21 km=<UNITY_VERSION=202210> pKW=UNITY_ENABLE_REFLECTION_BUFFERS UNITY_NO_SCREENSPACE_SHADOWS UNITY_PBS_USE_BRDF3 SHADER_API_DESKTOP UNITY_LIGHTMAP_FULL_HDR uKW=TO_TEMPORAL SHADER_STAGE_COMPUTE platform=d3d11 flags=0 reqs=16385 forceDXC=0 forceFXC=0 ok=1 outsize=4260

Cmd: compileComputeKernel
  insize=4730 file=C:/Unity projects/axyennaya igra ot MSL/Library/PackageCache/com.unity.render-pipelines.high-definition@13.1.4/Runtime/Lighting/VolumetricLighting/VolumetricLightingFiltering.compute kernel=FilterVolumetricLighting ppOnly=0 stripLineD=0 buildPlatform=21 km=<UNITY_VERSION=202210> pKW=UNITY_ENABLE_REFLECTION_BUFFERS UNITY_NO_SCREENSPACE_SHADOWS UNITY_PBS_USE_BRDF3 SHADER_API_DESKTOP UNITY_LIGHTMAP_FULL_HDR uKW=SHADER_STAGE_COMPUTE platform=d3d11 flags=0 reqs=16385 forceDXC=0 forceFXC=0 ok=1 outsize=2223

Cmd: compileComputeKernel
  insize=11113 file=C:/Unity projects/axyennaya igra ot MSL/Library/PackageCache/com.unity.render-pipelines.high-definition@13.1.4/Runtime/Lighting/LightLoop/Deferred.compute kernel=Deferred_Indirect_Fptl_Variant3 ppOnly=0 stripLineD=0 buildPlatform=21 km=<SHADE_OPAQUE_ENTRY=Deferred_Indirect_Fptl_Variant3>,<USE_INDIRECT=1>,<VARIANT=3>,<UNITY_VERSION=202210> pKW=UNITY_ENABLE_REFLECTION_BUFFERS UNITY_NO_SCREENSPACE_SHADOWS UNITY_PBS_USE_BRDF3 SHADER_API_DESKTOP UNITY_LIGHTMAP_FULL_HDR uKW=SCREEN_SPACE_SHADOWS_OFF PROBE_VOLUMES_OFF SHADOW_HIGH SHADER_STAGE_COMPUTE platform=d3d11 flags=0 reqs=16385 forceDXC=0 forceFXC=0 ok=1 outsize=44522

Cmd: compileComputeKernel
  insize=11113 file=C:/Unity projects/axyennaya igra ot MSL/Library/PackageCache/com.unity.render-pipelines.high-definition@13.1.4/Runtime/Lighting/LightLoop/Deferred.compute kernel=Deferred_Indirect_Fptl_Variant11 ppOnly=0 stripLineD=0 buildPlatform=21 km=<SHADE_OPAQUE_ENTRY=Deferred_Indirect_Fptl_Variant11>,<USE_INDIRECT=1>,<VARIANT=11>,<UNITY_VERSION=202210> pKW=UNITY_ENABLE_REFLECTION_BUFFERS UNITY_NO_SCREENSPACE_SHADOWS UNITY_PBS_USE_BRDF3 SHADER_API_DESKTOP UNITY_LIGHTMAP_FULL_HDR uKW=SCREEN_SPACE_SHADOWS_OFF PROBE_VOLUMES_OFF SHADOW_HIGH SHADER_STAGE_COMPUTE platform=d3d11 flags=0 reqs=16385 forceDXC=0 forceFXC=0 ok=1 outsize=60099

Cmd: compileComputeKernel
  insize=11113 file=C:/Unity projects/axyennaya igra ot MSL/Library/PackageCache/com.unity.render-pipelines.high-definition@13.1.4/Runtime/Lighting/LightLoop/Deferred.compute kernel=Deferred_Indirect_Fptl_Variant19 ppOnly=0 stripLineD=0 buildPlatform=21 km=<SHADE_OPAQUE_ENTRY=Deferred_Indirect_Fptl_Variant19>,<USE_INDIRECT=1>,<VARIANT=19>,<UNITY_VERSION=202210> pKW=UNITY_ENABLE_REFLECTION_BUFFERS UNITY_NO_SCREENSPACE_SHADOWS UNITY_PBS_USE_BRDF3 SHADER_API_DESKTOP UNITY_LIGHTMAP_FULL_HDR uKW=SCREEN_SPACE_SHADOWS_OFF PROBE_VOLUMES_OFF SHADOW_HIGH SHADER_STAGE_COMPUTE platform=d3d11 flags=0 reqs=16385 forceDXC=0 forceFXC=0 ok=1 outsize=64136

Cmd: compileComputeKernel
  insize=11113 file=C:/Unity projects/axyennaya igra ot MSL/Library/PackageCache/com.unity.render-pipelines.high-definition@13.1.4/Runtime/Lighting/LightLoop/Deferred.compute kernel=Deferred_Indirect_Fptl_Variant26 ppOnly=0 stripLineD=0 buildPlatform=21 km=<SHADE_OPAQUE_ENTRY=Deferred_Indirect_Fptl_Variant26>,<USE_INDIRECT=1>,<VARIANT=26>,<UNITY_VERSION=202210> pKW=UNITY_ENABLE_REFLECTION_BUFFERS UNITY_NO_SCREENSPACE_SHADOWS UNITY_PBS_USE_BRDF3 SHADER_API_DESKTOP UNITY_LIGHTMAP_FULL_HDR uKW=SCREEN_SPACE_SHADOWS_OFF PROBE_VOLUMES_OFF SHADOW_HIGH SHADER_STAGE_COMPUTE platform=d3d11 flags=0 reqs=16385 forceDXC=0 forceFXC=0 ok=1 outsize=56148

Cmd: compileComputeKernel
  insize=5804 file=C:/Unity projects/axyennaya igra ot MSL/Library/PackageCache/com.unity.render-pipelines.high-definition@13.1.4/Runtime/PostProcessing/Shaders/HistogramExposure.compute kernel=KHistogramGen ppOnly=0 stripLineD=0 buildPlatform=21 km=<GEN_PASS=1>,<UNITY_VERSION=202210> pKW=UNITY_ENABLE_REFLECTION_BUFFERS UNITY_NO_SCREENSPACE_SHADOWS UNITY_PBS_USE_BRDF3 SHADER_API_DESKTOP UNITY_LIGHTMAP_FULL_HDR uKW=SHADER_STAGE_COMPUTE platform=d3d11 flags=0 reqs=16385 forceDXC=0 forceFXC=0 ok=1 outsize=3258

Cmd: compileComputeKernel
  insize=8022 file=C:/Unity projects/axyennaya igra ot MSL/Library/PackageCache/com.unity.visualeffectgraph@13.1.4/Editor/Templates/SimpleSwarmParticleSystem.vfx kernel=CSMain ppOnly=0 stripLineD=0 buildPlatform=21 km=<UNITY_VERSION=202210> pKW=UNITY_ENABLE_REFLECTION_BUFFERS UNITY_NO_SCREENSPACE_SHADOWS UNITY_PBS_USE_BRDF3 SHADER_API_DESKTOP UNITY_LIGHTMAP_FULL_HDR uKW=SHADER_STAGE_COMPUTE platform=d3d11 flags=0 reqs=16385 forceDXC=0 forceFXC=0 ok=1 outsize=2135

Cmd: compileComputeKernel
  insize=15975 file=C:/Unity projects/axyennaya igra ot MSL/Library/PackageCache/com.unity.visualeffectgraph@13.1.4/Editor/Templates/SimpleParticleSystem.vfx kernel=CSMain ppOnly=0 stripLineD=0 buildPlatform=21 km=<UNITY_VERSION=202210> pKW=UNITY_ENABLE_REFLECTION_BUFFERS UNITY_NO_SCREENSPACE_SHADOWS UNITY_PBS_USE_BRDF3 SHADER_API_DESKTOP UNITY_LIGHTMAP_FULL_HDR uKW=SHADER_STAGE_COMPUTE platform=d3d11 flags=0 reqs=16385 forceDXC=0 forceFXC=0 ok=1 outsize=1632

Cmd: compileComputeKernel
  insize=10111 file=C:/Unity projects/axyennaya igra ot MSL/Library/PackageCache/com.unity.render-pipelines.high-definition@13.1.4/Runtime/RenderPipeline/Raytracing/Shaders/RaytracingReflectionFilter.compute kernel=ReflectionAdjustWeight ppOnly=0 stripLineD=0 buildPlatform=21 km=<UNITY_VERSION=202210> pKW=UNITY_ENABLE_REFLECTION_BUFFERS UNITY_NO_SCREENSPACE_SHADOWS UNITY_PBS_USE_BRDF3 SHADER_API_DESKTOP UNITY_LIGHTMAP_FULL_HDR uKW=SHADER_STAGE_COMPUTE platform=d3d11 flags=0 reqs=16385 forceDXC=0 forceFXC=0 ok=1 outsize=1701

Cmd: compileComputeKernel
  insize=5709 file=C:/Unity projects/axyennaya igra ot MSL/Library/PackageCache/com.unity.render-pipelines.high-definition@13.1.4/Runtime/Lighting/Shadow/EVSMBlur.compute kernel=Blur ppOnly=0 stripLineD=0 buildPlatform=21 km=<KERNEL_MAIN=Blur>,<BLUR_SIZE=9>,<ALREADY_EVSM=1>,<UNITY_VERSION=202210> pKW=UNITY_ENABLE_REFLECTION_BUFFERS UNITY_NO_SCREENSPACE_SHADOWS UNITY_PBS_USE_BRDF3 SHADER_API_DESKTOP UNITY_LIGHTMAP_FULL_HDR uKW=SHADER_STAGE_COMPUTE platform=d3d11 flags=0 reqs=16385 forceDXC=0 forceFXC=0 ok=1 outsize=5009

Cmd: compileComputeKernel
  insize=3001 file=C:/Unity projects/axyennaya igra ot MSL/Library/PackageCache/com.unity.render-pipelines.high-definition@13.1.4/Runtime/PostProcessing/Shaders/DepthOfFieldKernel.compute kernel=KParametricBlurKernel ppOnly=0 stripLineD=0 buildPlatform=21 km=<MAIN=KParametricBlurKernel>,<GROUP_SIZE=64>,<UNITY_VERSION=202210> pKW=UNITY_ENABLE_REFLECTION_BUFFERS UNITY_NO_SCREENSPACE_SHADOWS UNITY_PBS_USE_BRDF3 SHADER_API_DESKTOP UNITY_LIGHTMAP_FULL_HDR uKW=SHADER_STAGE_COMPUTE platform=d3d11 flags=0 reqs=16385 forceDXC=0 forceFXC=0 ok=1 outsize=1860

Cmd: compileComputeKernel
  insize=1536 file=C:/Unity projects/axyennaya igra ot MSL/Library/PackageCache/com.unity.visualeffectgraph@13.1.4/Shaders/UpdateStrips.compute kernel=UpdateParticleStrip ppOnly=0 stripLineD=0 buildPlatform=21 km=<UNITY_VERSION=202210> pKW=UNITY_ENABLE_REFLECTION_BUFFERS UNITY_NO_SCREENSPACE_SHADOWS UNITY_PBS_USE_BRDF3 SHADER_API_DESKTOP UNITY_LIGHTMAP_FULL_HDR uKW=SHADER_STAGE_COMPUTE platform=d3d11 flags=0 reqs=16385 forceDXC=0 forceFXC=0 ok=1 outsize=1391

Cmd: compileComputeKernel
  insize=33420 file=C:/Unity projects/axyennaya igra ot MSL/Library/PackageCache/com.unity.render-pipelines.high-definition@13.1.4/Runtime/RenderPipeline/Raytracing/Shaders/Shadows/RaytracingShadow.compute kernel=ClearShadowTexture ppOnly=0 stripLineD=0 buildPlatform=21 km=<UNITY_VERSION=202210> pKW=UNITY_ENABLE_REFLECTION_BUFFERS UNITY_NO_SCREENSPACE_SHADOWS UNITY_PBS_USE_BRDF3 SHADER_API_DESKTOP UNITY_LIGHTMAP_FULL_HDR uKW=SHADER_STAGE_COMPUTE platform=d3d11 flags=0 reqs=16385 forceDXC=0 forceFXC=0 ok=1 outsize=426

Cmd: compileComputeKernel
  insize=6581 file=C:/Unity projects/axyennaya igra ot MSL/Library/PackageCache/com.unity.render-pipelines.high-definition@13.1.4/Runtime/RenderPipeline/Raytracing/Shaders/RaytracingLightCluster.compute kernel=RaytracingLightCull ppOnly=0 stripLineD=0 buildPlatform=21 km=<UNITY_VERSION=202210> pKW=UNITY_ENABLE_REFLECTION_BUFFERS UNITY_NO_SCREENSPACE_SHADOWS UNITY_PBS_USE_BRDF3 SHADER_API_DESKTOP UNITY_LIGHTMAP_FULL_HDR uKW=SHADER_STAGE_COMPUTE platform=d3d11 flags=0 reqs=16385 forceDXC=0 forceFXC=0 ok=1 outsize=583

Cmd: compileComputeKernel
  insize=4132 file=C:/Unity projects/axyennaya igra ot MSL/Library/PackageCache/com.unity.render-pipelines.high-definition@13.1.4/Runtime/PostProcessing/Shaders/DepthOfFieldCombine.compute kernel=KMain ppOnly=0 stripLineD=0 buildPlatform=21 km=<UNITY_VERSION=202210> pKW=UNITY_ENABLE_REFLECTION_BUFFERS UNITY_NO_SCREENSPACE_SHADOWS UNITY_PBS_USE_BRDF3 SHADER_API_DESKTOP UNITY_LIGHTMAP_FULL_HDR uKW=LOW_QUALITY SHADER_STAGE_COMPUTE platform=d3d11 flags=0 reqs=16385 forceDXC=0 forceFXC=0 ok=1 outsize=433

Cmd: compileComputeKernel
  insize=647 file=C:/Unity projects/axyennaya igra ot MSL/Library/PackageCache/com.unity.render-pipelines.high-definition@13.1.4/Runtime/PostProcessing/Shaders/DepthOfFieldClearIndirectArgs.compute kernel=KClear ppOnly=0 stripLineD=0 buildPlatform=21 km=<UNITY_VERSION=202210> pKW=UNITY_ENABLE_REFLECTION_BUFFERS UNITY_NO_SCREENSPACE_SHADOWS UNITY_PBS_USE_BRDF3 SHADER_API_DESKTOP UNITY_LIGHTMAP_FULL_HDR uKW=SHADER_STAGE_COMPUTE platform=d3d11 flags=0 reqs=16385 forceDXC=0 forceFXC=0 ok=1 outsize=494

Cmd: compileComputeKernel
  insize=8031 file=C:/Unity projects/axyennaya igra ot MSL/Library/PackageCache/com.unity.render-pipelines.high-definition@13.1.4/Runtime/RenderPipeline/Raytracing/Shaders/RayMarching.compute kernel=RayMarchKernel ppOnly=0 stripLineD=0 buildPlatform=21 km=<RAY_MARCH_KERNEL=RayMarchKernel>,<UNITY_VERSION=202210> pKW=UNITY_ENABLE_REFLECTION_BUFFERS UNITY_NO_SCREENSPACE_SHADOWS UNITY_PBS_USE_BRDF3 SHADER_API_DESKTOP UNITY_LIGHTMAP_FULL_HDR uKW=SHADER_STAGE_COMPUTE platform=d3d11 flags=0 reqs=16385 forceDXC=0 forceFXC=0 ok=1 outsize=11657

Cmd: compileComputeKernel
  insize=26447 file=C:/Unity projects/axyennaya igra ot MSL/Library/PackageCache/com.unity.render-pipelines.high-definition@13.1.4/Runtime/Lighting/LightLoop/lightlistbuild-clustered.compute kernel=TileLightListGen_DepthRT_MSAA_SrcBigTile ppOnly=0 stripLineD=0 buildPlatform=21 km=<LIGHTLISTGEN=TileLightListGen_DepthRT_MSAA_SrcBigTile>,<ENABLE_DEPTH_TEXTURE_BACKPLANE=1>,<MSAA_ENABLED=1>,<USE_TWO_PASS_TILED_LIGHTING=1>,<UNITY_VERSION=202210> pKW=UNITY_ENABLE_REFLECTION_BUFFERS UNITY_NO_SCREENSPACE_SHADOWS UNITY_PBS_USE_BRDF3 SHADER_API_DESKTOP UNITY_LIGHTMAP_FULL_HDR uKW=SHADER_STAGE_COMPUTE platform=d3d11 flags=0 reqs=16385 forceDXC=0 forceFXC=0 ok=1 outsize=15474

Cmd: compileComputeKernel
  insize=3618 file=C:/Unity projects/axyennaya igra ot MSL/Library/PackageCache/com.unity.render-pipelines.high-definition@13.1.4/Runtime/Sky/PhysicallyBasedSky/GroundIrradiancePrecomputation.compute kernel=MAIN_M ppOnly=0 stripLineD=0 buildPlatform=21 km=<main=MAIN_M>,<MULTIPLE_SCATTERING=1>,<SRC_MS=1>,<UNITY_VERSION=202210> pKW=UNITY_ENABLE_REFLECTION_BUFFERS UNITY_NO_SCREENSPACE_SHADOWS UNITY_PBS_USE_BRDF3 SHADER_API_DESKTOP UNITY_LIGHTMAP_FULL_HDR uKW=SHADER_STAGE_COMPUTE platform=d3d11 flags=0 reqs=16385 forceDXC=0 forceFXC=0 ok=1 outsize=3162

Cmd: compileComputeKernel
  insize=4505 file=C:/Unity projects/axyennaya igra ot MSL/Library/PackageCache/com.unity.render-pipelines.high-definition@13.1.4/Runtime/ShaderLibrary/ResolveStencilBuffer.compute kernel=MAIN_MSAA_2_RESOLVE ppOnly=0 stripLineD=0 buildPlatform=21 km=<KERNEL_NAME=MAIN_MSAA_2_RESOLVE>,<NUM_SAMPLES=2>,<MSAA=1>,<RESOLVE=1>,<COARSE_STENCIL=1>,<UNITY_VERSION=202210> pKW=UNITY_ENABLE_REFLECTION_BUFFERS UNITY_NO_SCREENSPACE_SHADOWS UNITY_PBS_USE_BRDF3 SHADER_API_DESKTOP UNITY_LIGHTMAP_FULL_HDR uKW=SHADER_STAGE_COMPUTE platform=d3d11 flags=0 reqs=16385 forceDXC=0 forceFXC=0 ok=1 outsize=1256

Cmd: compileComputeKernel
  insize=3756 file=C:/Unity projects/axyennaya igra ot MSL/Library/PackageCache/com.unity.render-pipelines.high-definition@13.1.4/Runtime/Debug/DebugLightVolumes.compute kernel=LightVolumeGradient ppOnly=0 stripLineD=0 buildPlatform=21 km=<UNITY_VERSION=202210> pKW=UNITY_ENABLE_REFLECTION_BUFFERS UNITY_NO_SCREENSPACE_SHADOWS UNITY_PBS_USE_BRDF3 SHADER_API_DESKTOP UNITY_LIGHTMAP_FULL_HDR uKW=SHADER_STAGE_COMPUTE platform=d3d11 flags=0 reqs=16385 forceDXC=0 forceFXC=0 ok=1 outsize=1059

Cmd: compileComputeKernel
  insize=7129 file=C:/Unity projects/axyennaya igra ot MSL/Library/PackageCache/com.unity.render-pipelines.core@13.1.4/Editor/Lighting/ProbeVolume/ProbeVolumeSubdivide.compute kernel=JumpFlooding ppOnly=0 stripLineD=0 buildPlatform=21 km=<UNITY_VERSION=202210> pKW=UNITY_ENABLE_REFLECTION_BUFFERS UNITY_NO_SCREENSPACE_SHADOWS UNITY_PBS_USE_BRDF3 SHADER_API_DESKTOP UNITY_LIGHTMAP_FULL_HDR uKW=SHADER_STAGE_COMPUTE platform=d3d11 flags=0 reqs=16385 forceDXC=0 forceFXC=0 ok=1 outsize=19854

Cmd: compileComputeKernel
  insize=74307 file=C:/Unity projects/axyennaya igra ot MSL/Library/PackageCache/com.unity.render-pipelines.high-definition@13.1.4/Runtime/Lighting/VolumetricLighting/VolumetricClouds.compute kernel=CombineCloudsSky ppOnly=0 stripLineD=0 buildPlatform=21 km=<COMBINE_KERNEL_SKY=CombineCloudsSky>,<UNITY_VERSION=202210> pKW=UNITY_ENABLE_REFLECTION_BUFFERS UNITY_NO_SCREENSPACE_SHADOWS UNITY_PBS_USE_BRDF3 SHADER_API_DESKTOP UNITY_LIGHTMAP_FULL_HDR uKW=SHADER_STAGE_COMPUTE platform=d3d11 flags=0 reqs=16385 forceDXC=0 forceFXC=0 ok=1 outsize=902

Cmd: compileComputeKernel
  insize=74307 file=C:/Unity projects/axyennaya igra ot MSL/Library/PackageCache/com.unity.render-pipelines.high-definition@13.1.4/Runtime/Lighting/VolumetricLighting/VolumetricClouds.compute kernel=PreUpscaleCloudsSky ppOnly=0 stripLineD=0 buildPlatform=21 km=<UNITY_VERSION=202210> pKW=UNITY_ENABLE_REFLECTION_BUFFERS UNITY_NO_SCREENSPACE_SHADOWS UNITY_PBS_USE_BRDF3 SHADER_API_DESKTOP UNITY_LIGHTMAP_FULL_HDR uKW=SHADER_STAGE_COMPUTE platform=d3d11 flags=0 reqs=16385 forceDXC=0 forceFXC=0 ok=1 outsize=1623

Cmd: compileComputeKernel
  insize=576 file=C:/Unity projects/axyennaya igra ot MSL/Library/PackageCache/com.unity.render-pipelines.high-definition@13.1.4/Runtime/Lighting/ScreenSpaceLighting/GTAOCopyHistory.compute kernel=GTAODenoise_CopyHistory ppOnly=0 stripLineD=0 buildPlatform=21 km=<UNITY_VERSION=202210> pKW=UNITY_ENABLE_REFLECTION_BUFFERS UNITY_NO_SCREENSPACE_SHADOWS UNITY_PBS_USE_BRDF3 SHADER_API_DESKTOP UNITY_LIGHTMAP_FULL_HDR uKW=SHADER_STAGE_COMPUTE platform=d3d11 flags=0 reqs=16385 forceDXC=0 forceFXC=0 ok=1 outsize=451

Cmd: compileComputeKernel
  insize=74307 file=C:/Unity projects/axyennaya igra ot MSL/Library/PackageCache/com.unity.render-pipelines.high-definition@13.1.4/Runtime/Lighting/VolumetricLighting/VolumetricClouds.compute kernel=ConvertObliqueDepth ppOnly=0 stripLineD=0 buildPlatform=21 km=<UNITY_VERSION=202210> pKW=UNITY_ENABLE_REFLECTION_BUFFERS UNITY_NO_SCREENSPACE_SHADOWS UNITY_PBS_USE_BRDF3 SHADER_API_DESKTOP UNITY_LIGHTMAP_FULL_HDR uKW=SHADER_STAGE_COMPUTE platform=d3d11 flags=0 reqs=16385 forceDXC=0 forceFXC=0 ok=1 outsize=1766

Cmd: compileComputeKernel
  insize=18815 file=C:/Unity projects/axyennaya igra ot MSL/Library/PackageCache/com.unity.render-pipelines.high-definition@13.1.4/Runtime/RenderPipeline/Raytracing/Shaders/Denoising/TemporalFilter.compute kernel=TemporalAccumulationSingleArray ppOnly=0 stripLineD=0 buildPlatform=21 km=<TEMPORAL_ACCUMULATION=TemporalAccumulationSingleArray>,<SINGLE_CHANNEL=1>,<HISTORY_IS_ARRAY=1>,<UNITY_VERSION=202210> pKW=UNITY_ENABLE_REFLECTION_BUFFERS UNITY_NO_SCREENSPACE_SHADOWS UNITY_PBS_USE_BRDF3 SHADER_API_DESKTOP UNITY_LIGHTMAP_FULL_HDR uKW=SHADER_STAGE_COMPUTE platform=d3d11 flags=0 reqs=16385 forceDXC=0 forceFXC=0 ok=1 outsize=3009

Cmd: compileComputeKernel
  insize=4989 file=C:/Unity projects/axyennaya igra ot MSL/Library/PackageCache/com.unity.visualeffectgraph@13.1.4/Shaders/VFXFillIndirectArgs.compute kernel=CSVFXIndirectArgs ppOnly=0 stripLineD=0 buildPlatform=21 km=<UNITY_VERSION=202210> pKW=UNITY_ENABLE_REFLECTION_BUFFERS UNITY_NO_SCREENSPACE_SHADOWS UNITY_PBS_USE_BRDF3 SHADER_API_DESKTOP UNITY_LIGHTMAP_FULL_HDR uKW=SHADER_STAGE_COMPUTE platform=d3d11 flags=0 reqs=16385 forceDXC=0 forceFXC=0 ok=1 outsize=2757

Cmd: compileComputeKernel
  insize=1955 file=C:/Unity projects/axyennaya igra ot MSL/Library/PackageCache/com.unity.render-pipelines.high-definition@13.1.4/Runtime/PostProcessing/Shaders/BloomUpsample.compute kernel=KMain ppOnly=0 stripLineD=0 buildPlatform=21 km=<UNITY_VERSION=202210> pKW=UNITY_ENABLE_REFLECTION_BUFFERS UNITY_NO_SCREENSPACE_SHADOWS UNITY_PBS_USE_BRDF3 SHADER_API_DESKTOP UNITY_LIGHTMAP_FULL_HDR uKW=LOW_QUALITY SHADER_STAGE_COMPUTE platform=d3d11 flags=0 reqs=16385 forceDXC=0 forceFXC=0 ok=1 outsize=1382

Cmd: compileComputeKernel
  insize=15150 file=C:/Unity projects/axyennaya igra ot MSL/Library/PackageCache/com.unity.render-pipelines.high-definition@13.1.4/Runtime/Lighting/ScreenSpaceLighting/ScreenSpaceGlobalIllumination.compute kernel=ReprojectGlobalIllumination ppOnly=0 stripLineD=0 buildPlatform=21 km=<REPROJECT_GLOBAL_ILLUMINATION=ReprojectGlobalIllumination>,<GI_REPROJECT=1>,<UNITY_VERSION=202210> pKW=UNITY_ENABLE_REFLECTION_BUFFERS UNITY_NO_SCREENSPACE_SHADOWS UNITY_PBS_USE_BRDF3 SHADER_API_DESKTOP UNITY_LIGHTMAP_FULL_HDR uKW=PROBE_VOLUMES_OFF SHADER_STAGE_COMPUTE platform=d3d11 flags=0 reqs=16385 forceDXC=0 forceFXC=0 ok=1 outsize=12801

Cmd: compileComputeKernel
  insize=9899 file=C:/Unity projects/axyennaya igra ot MSL/Library/PackageCache/com.unity.visualeffectgraph@13.1.4/Shaders/Sort.compute kernel=BitonicSort1024 ppOnly=0 stripLineD=0 buildPlatform=21 km=<BITONIC_SORT=BitonicSort1024>,<ELEMENTS_COUNT=1024>,<ITERATIONS_COUNT=2>,<FINAL_PASS=1>,<UNITY_VERSION=202210> pKW=UNITY_ENABLE_REFLECTION_BUFFERS UNITY_NO_SCREENSPACE_SHADOWS UNITY_PBS_USE_BRDF3 SHADER_API_DESKTOP UNITY_LIGHTMAP_FULL_HDR uKW=SHADER_STAGE_COMPUTE platform=d3d11 flags=0 reqs=16385 forceDXC=0 forceFXC=0 ok=1 outsize=2991

Cmd: compileComputeKernel
  insize=11883 file=C:/Unity projects/axyennaya igra ot MSL/Library/PackageCache/com.unity.render-pipelines.high-definition@13.1.4/Runtime/RenderPipeline/Raytracing/Shaders/Denoising/DiffuseDenoiser.compute kernel=GeneratePointDistribution ppOnly=0 stripLineD=0 buildPlatform=21 km=<UNITY_VERSION=202210> pKW=UNITY_ENABLE_REFLECTION_BUFFERS UNITY_NO_SCREENSPACE_SHADOWS UNITY_PBS_USE_BRDF3 SHADER_API_DESKTOP UNITY_LIGHTMAP_FULL_HDR uKW=SHADER_STAGE_COMPUTE platform=d3d11 flags=0 reqs=16385 forceDXC=0 forceFXC=0 ok=1 outsize=635

Cmd: compileComputeKernel
  insize=13692 file=C:/Unity projects/axyennaya igra ot MSL/Library/PackageCache/com.unity.render-pipelines.high-definition@13.1.4/Runtime/RenderPipeline/Raytracing/Shaders/Denoising/ReflectionDenoiser.compute kernel=BilateralFilterH_HR ppOnly=0 stripLineD=0 buildPlatform=21 km=<BILATERAL_FILTER=BilateralFilterH_HR>,<HALF_RESOLUTION=1>,<UNITY_VERSION=202210> pKW=UNITY_ENABLE_REFLECTION_BUFFERS UNITY_NO_SCREENSPACE_SHADOWS UNITY_PBS_USE_BRDF3 SHADER_API_DESKTOP UNITY_LIGHTMAP_FULL_HDR uKW=SHADER_STAGE_COMPUTE platform=d3d11 flags=0 reqs=16385 forceDXC=0 forceFXC=0 ok=1 outsize=6172

Cmd: compileComputeKernel
  insize=2760 file=C:/Unity projects/axyennaya igra ot MSL/Library/PackageCache/com.unity.render-pipelines.high-definition@13.1.4/Runtime/PostProcessing/Shaders/DepthOfFieldCoC.compute kernel=KMainManual ppOnly=0 stripLineD=0 buildPlatform=21 km=<UNITY_VERSION=202210> pKW=UNITY_ENABLE_REFLECTION_BUFFERS UNITY_NO_SCREENSPACE_SHADOWS UNITY_PBS_USE_BRDF3 SHADER_API_DESKTOP UNITY_LIGHTMAP_FULL_HDR uKW=SHADER_STAGE_COMPUTE platform=d3d11 flags=0 reqs=16385 forceDXC=0 forceFXC=0 ok=1 outsize=1130

Cmd: compileComputeKernel
  insize=20587 file=C:/Unity projects/axyennaya igra ot MSL/Library/PackageCache/com.unity.visualeffectgraph@13.1.4/Shaders/SDFBaker/GenSdfRayMap.compute kernel=SurfaceClosing ppOnly=0 stripLineD=0 buildPlatform=21 km=<UNITY_VERSION=202210> pKW=UNITY_ENABLE_REFLECTION_BUFFERS UNITY_NO_SCREENSPACE_SHADOWS UNITY_PBS_USE_BRDF3 SHADER_API_DESKTOP UNITY_LIGHTMAP_FULL_HDR uKW=SHADER_STAGE_COMPUTE platform=d3d11 flags=0 reqs=16385 forceDXC=0 forceFXC=0 ok=1 outsize=1527

Cmd: compileComputeKernel
  insize=20587 file=C:/Unity projects/axyennaya igra ot MSL/Library/PackageCache/com.unity.visualeffectgraph@13.1.4/Shaders/SDFBaker/GenSdfRayMap.compute kernel=SignPassNeighbors ppOnly=0 stripLineD=0 buildPlatform=21 km=<UNITY_VERSION=202210> pKW=UNITY_ENABLE_REFLECTION_BUFFERS UNITY_NO_SCREENSPACE_SHADOWS UNITY_PBS_USE_BRDF3 SHADER_API_DESKTOP UNITY_LIGHTMAP_FULL_HDR uKW=SHADER_STAGE_COMPUTE platform=d3d11 flags=0 reqs=16385 forceDXC=0 forceFXC=0 ok=1 outsize=3982

Cmd: compileComputeKernel
  insize=20587 file=C:/Unity projects/axyennaya igra ot MSL/Library/PackageCache/com.unity.visualeffectgraph@13.1.4/Shaders/SDFBaker/GenSdfRayMap.compute kernel=DistanceTransform ppOnly=0 stripLineD=0 buildPlatform=21 km=<UNITY_VERSION=202210> pKW=UNITY_ENABLE_REFLECTION_BUFFERS UNITY_NO_SCREENSPACE_SHADOWS UNITY_PBS_USE_BRDF3 SHADER_API_DESKTOP UNITY_LIGHTMAP_FULL_HDR uKW=SHADER_STAGE_COMPUTE platform=d3d11 flags=0 reqs=16385 forceDXC=0 forceFXC=0 ok=1 outsize=3843

Cmd: compileComputeKernel
  insize=6642 file=C:/Unity projects/axyennaya igra ot MSL/Library/PackageCache/com.unity.render-pipelines.high-definition@13.1.4/Runtime/Sky/AmbientProbeConvolution.compute kernel=AmbientProbeConvolutionNoMip ppOnly=0 stripLineD=0 buildPlatform=21 km=<KERNEL_NAME=AmbientProbeConvolutionNoMip>,<NO_MIPS=1>,<UNITY_VERSION=202210> pKW=UNITY_ENABLE_REFLECTION_BUFFERS UNITY_NO_SCREENSPACE_SHADOWS UNITY_PBS_USE_BRDF3 SHADER_API_DESKTOP UNITY_LIGHTMAP_FULL_HDR uKW=SHADER_STAGE_COMPUTE platform=d3d11 flags=0 reqs=16385 forceDXC=0 forceFXC=0 ok=1 outsize=9035

Cmd: compileComputeKernel
  insize=1688 file=C:/Unity projects/axyennaya igra ot MSL/Library/PackageCache/com.unity.render-pipelines.high-definition@13.1.4/Runtime/PostProcessing/Shaders/DoFMinMaxDilate.compute kernel=KMain ppOnly=0 stripLineD=0 buildPlatform=21 km=<UNITY_VERSION=202210> pKW=UNITY_ENABLE_REFLECTION_BUFFERS UNITY_NO_SCREENSPACE_SHADOWS UNITY_PBS_USE_BRDF3 SHADER_API_DESKTOP UNITY_LIGHTMAP_FULL_HDR uKW=SHADER_STAGE_COMPUTE platform=d3d11 flags=0 reqs=16385 forceDXC=0 forceFXC=0 ok=1 outsize=1145

Cmd: compileComputeKernel
  insize=21810 file=C:/Unity projects/axyennaya igra ot MSL/Library/PackageCache/com.unity.render-pipelines.high-definition@13.1.4/Runtime/RenderPipeline/Raytracing/Shaders/Shadows/RaytracingShadowFilter.compute kernel=AreaShadowDenoiseFirstPass ppOnly=0 stripLineD=0 buildPlatform=21 km=<AREA_SHADOW_DENOISE=AreaShadowDenoiseFirstPass>,<UNITY_VERSION=202210> pKW=UNITY_ENABLE_REFLECTION_BUFFERS UNITY_NO_SCREENSPACE_SHADOWS UNITY_PBS_USE_BRDF3 SHADER_API_DESKTOP UNITY_LIGHTMAP_FULL_HDR uKW=SHADER_STAGE_COMPUTE platform=d3d11 flags=0 reqs=16385 forceDXC=0 forceFXC=0 ok=1 outsize=5516

Cmd: compileComputeKernel
  insize=12803 file=C:/Unity projects/axyennaya igra ot MSL/Library/PackageCache/com.unity.render-pipelines.high-definition@13.1.4/Runtime/RenderPipeline/Raytracing/Shaders/Deferred/RaytracingDeferred.compute kernel=RaytracingDeferredHalf ppOnly=0 stripLineD=0 buildPlatform=21 km=<RAYTRACING_DEFERRED=RaytracingDeferredHalf>,<HALF_RESOLUTION=1>,<UNITY_VERSION=202210> pKW=UNITY_ENABLE_REFLECTION_BUFFERS UNITY_NO_SCREENSPACE_SHADOWS UNITY_PBS_USE_BRDF3 SHADER_API_DESKTOP UNITY_LIGHTMAP_FULL_HDR uKW=SHADER_STAGE_COMPUTE platform=d3d11 flags=0 reqs=16385 forceDXC=0 forceFXC=0 ok=1 outsize=115761

Cmd: compileComputeKernel
  insize=10394 file=C:/Unity projects/axyennaya igra ot MSL/Library/PackageCache/com.unity.render-pipelines.high-definition@13.1.4/Runtime/Lighting/ScreenSpaceLighting/GTAOBlurAndUpsample.compute kernel=Blur_FullRes ppOnly=0 stripLineD=0 buildPlatform=21 km=<BLUR_KERNEL_NAME=Blur_FullRes>,<BLUR=1>,<FULL_RES=1>,<UNITY_VERSION=202210> pKW=UNITY_ENABLE_REFLECTION_BUFFERS UNITY_NO_SCREENSPACE_SHADOWS UNITY_PBS_USE_BRDF3 SHADER_API_DESKTOP UNITY_LIGHTMAP_FULL_HDR uKW=SHADER_STAGE_COMPUTE platform=d3d11 flags=0 reqs=16385 forceDXC=0 forceFXC=0 ok=1 outsize=7642

Cmd: compileComputeKernel
  insize=4210 file=C:/Unity projects/axyennaya igra ot MSL/Library/PackageCache/com.unity.render-pipelines.high-definition@13.1.4/Runtime/RenderPipeline/Raytracing/Shaders/Common/RayBinning.compute kernel=RayBinning ppOnly=0 stripLineD=0 buildPlatform=21 km=<RAY_BINNING=RayBinning>,<UNITY_VERSION=202210> pKW=UNITY_ENABLE_REFLECTION_BUFFERS UNITY_NO_SCREENSPACE_SHADOWS UNITY_PBS_USE_BRDF3 SHADER_API_DESKTOP UNITY_LIGHTMAP_FULL_HDR uKW=SHADER_STAGE_COMPUTE platform=d3d11 flags=0 reqs=16385 forceDXC=0 forceFXC=0 ok=1 outsize=2731

Cmd: compileComputeKernel
  insize=18789 file=C:/Unity projects/axyennaya igra ot MSL/Library/PackageCache/com.unity.render-pipelines.high-definition@13.1.4/Runtime/RenderPipeline/Raytracing/Shaders/IndirectDiffuse/RaytracingIndirectDiffuse.compute kernel=IndirectDiffuseIntegrationUpscaleHalfRes ppOnly=0 stripLineD=0 buildPlatform=21 km=<UNITY_VERSION=202210> pKW=UNITY_ENABLE_REFLECTION_BUFFERS UNITY_NO_SCREENSPACE_SHADOWS UNITY_PBS_USE_BRDF3 SHADER_API_DESKTOP UNITY_LIGHTMAP_FULL_HDR uKW=SHADER_STAGE_COMPUTE platform=d3d11 flags=0 reqs=16385 forceDXC=0 forceFXC=0 ok=1 outsize=4713

Cmd: compileComputeKernel
  insize=3149 file=C:/Unity projects/axyennaya igra ot MSL/Library/PackageCache/com.unity.render-pipelines.high-definition@13.1.4/Runtime/RenderPipeline/Raytracing/Shaders/DebugLightCluster.compute kernel=DebugLightCluster ppOnly=0 stripLineD=0 buildPlatform=21 km=<UNITY_VERSION=202210> pKW=UNITY_ENABLE_REFLECTION_BUFFERS UNITY_NO_SCREENSPACE_SHADOWS UNITY_PBS_USE_BRDF3 SHADER_API_DESKTOP UNITY_LIGHTMAP_FULL_HDR uKW=SHADER_STAGE_COMPUTE platform=d3d11 flags=0 reqs=16385 forceDXC=0 forceFXC=0 ok=1 outsize=2624

Cmd: compileComputeKernel
  insize=5467 file=C:/Unity projects/axyennaya igra ot MSL/Library/PackageCache/com.unity.render-pipelines.high-definition@13.1.4/Runtime/PostProcessing/Shaders/Exposure.compute kernel=KManualCameraExposure ppOnly=0 stripLineD=0 buildPlatform=21 km=<UNITY_VERSION=202210> pKW=UNITY_ENABLE_REFLECTION_BUFFERS UNITY_NO_SCREENSPACE_SHADOWS UNITY_PBS_USE_BRDF3 SHADER_API_DESKTOP UNITY_LIGHTMAP_FULL_HDR uKW=SHADER_STAGE_COMPUTE platform=d3d11 flags=0 reqs=16385 forceDXC=0 forceFXC=0 ok=1 outsize=739

Cmd: compileComputeKernel
  insize=3977 file=C:/Unity projects/axyennaya igra ot MSL/Library/PackageCache/com.unity.render-pipelines.high-definition@13.1.4/Runtime/PostProcessing/Shaders/PaniniProjection.compute kernel=KMain ppOnly=0 stripLineD=0 buildPlatform=21 km=<UNITY_VERSION=202210> pKW=UNITY_ENABLE_REFLECTION_BUFFERS UNITY_NO_SCREENSPACE_SHADOWS UNITY_PBS_USE_BRDF3 SHADER_API_DESKTOP UNITY_LIGHTMAP_FULL_HDR uKW=GENERIC SHADER_STAGE_COMPUTE platform=d3d11 flags=0 reqs=16385 forceDXC=0 forceFXC=0 ok=1 outsize=1779

Cmd: compileComputeKernel
  insize=11114 file=C:/Unity projects/axyennaya igra ot MSL/Library/PackageCache/com.unity.render-pipelines.high-definition@13.1.4/Runtime/Lighting/LightLoop/Deferred.compute kernel=Deferred_Indirect_Fptl_Variant24 ppOnly=0 stripLineD=0 buildPlatform=21 km=<SHADE_OPAQUE_ENTRY=Deferred_Indirect_Fptl_Variant24>,<USE_INDIRECT=1>,<VARIANT=24>,<UNITY_VERSION=202210> pKW=UNITY_ENABLE_REFLECTION_BUFFERS UNITY_NO_SCREENSPACE_SHADOWS UNITY_PBS_USE_BRDF3 SHADER_API_DESKTOP UNITY_LIGHTMAP_FULL_HDR uKW=SCREEN_SPACE_SHADOWS_OFF PROBE_VOLUMES_OFF SHADOW_LOW SHADER_STAGE_COMPUTE platform=d3d11 flags=0 reqs=16385 forceDXC=0 forceFXC=0 ok=1 outsize=53896

Cmd: compileComputeKernel
  insize=11114 file=C:/Unity projects/axyennaya igra ot MSL/Library/PackageCache/com.unity.render-pipelines.high-definition@13.1.4/Runtime/Lighting/LightLoop/Deferred.compute kernel=Deferred_Indirect_Fptl_Variant20 ppOnly=0 stripLineD=0 buildPlatform=21 km=<SHADE_OPAQUE_ENTRY=Deferred_Indirect_Fptl_Variant20>,<USE_INDIRECT=1>,<VARIANT=20>,<UNITY_VERSION=202210> pKW=UNITY_ENABLE_REFLECTION_BUFFERS UNITY_NO_SCREENSPACE_SHADOWS UNITY_PBS_USE_BRDF3 SHADER_API_DESKTOP UNITY_LIGHTMAP_FULL_HDR uKW=SCREEN_SPACE_SHADOWS_OFF PROBE_VOLUMES_OFF SHADOW_LOW SHADER_STAGE_COMPUTE platform=d3d11 flags=0 reqs=16385 forceDXC=0 forceFXC=0 ok=1 outsize=38667

Cmd: compileComputeKernel
  insize=11114 file=C:/Unity projects/axyennaya igra ot MSL/Library/PackageCache/com.unity.render-pipelines.high-definition@13.1.4/Runtime/Lighting/LightLoop/Deferred.compute kernel=Deferred_Indirect_Fptl_Variant13 ppOnly=0 stripLineD=0 buildPlatform=21 km=<SHADE_OPAQUE_ENTRY=Deferred_Indirect_Fptl_Variant13>,<USE_INDIRECT=1>,<VARIANT=13>,<UNITY_VERSION=202210> pKW=UNITY_ENABLE_REFLECTION_BUFFERS UNITY_NO_SCREENSPACE_SHADOWS UNITY_PBS_USE_BRDF3 SHADER_API_DESKTOP UNITY_LIGHTMAP_FULL_HDR uKW=SCREEN_SPACE_SHADOWS_OFF PROBE_VOLUMES_OFF SHADOW_LOW SHADER_STAGE_COMPUTE platform=d3d11 flags=0 reqs=16385 forceDXC=0 forceFXC=0 ok=1 outsize=41779

Cmd: compileComputeKernel
  insize=11114 file=C:/Unity projects/axyennaya igra ot MSL/Library/PackageCache/com.unity.render-pipelines.high-definition@13.1.4/Runtime/Lighting/LightLoop/Deferred.compute kernel=Deferred_Indirect_Fptl_Variant6 ppOnly=0 stripLineD=0 buildPlatform=21 km=<SHADE_OPAQUE_ENTRY=Deferred_Indirect_Fptl_Variant6>,<USE_INDIRECT=1>,<VARIANT=6>,<UNITY_VERSION=202210> pKW=UNITY_ENABLE_REFLECTION_BUFFERS UNITY_NO_SCREENSPACE_SHADOWS UNITY_PBS_USE_BRDF3 SHADER_API_DESKTOP UNITY_LIGHTMAP_FULL_HDR uKW=SCREEN_SPACE_SHADOWS_OFF PROBE_VOLUMES_OFF SHADOW_LOW SHADER_STAGE_COMPUTE platform=d3d11 flags=0 reqs=16385 forceDXC=0 forceFXC=0 ok=1 outsize=48211

Cmd: compileComputeKernel
  insize=11114 file=C:/Unity projects/axyennaya igra ot MSL/Library/PackageCache/com.unity.render-pipelines.high-definition@13.1.4/Runtime/Lighting/LightLoop/Deferred.compute kernel=Deferred_Direct_Fptl_DebugDisplay ppOnly=0 stripLineD=0 buildPlatform=21 km=<SHADE_OPAQUE_ENTRY=Deferred_Direct_Fptl_DebugDisplay>,<DEBUG_DISPLAY=1>,<UNITY_VERSION=202210> pKW=UNITY_ENABLE_REFLECTION_BUFFERS UNITY_NO_SCREENSPACE_SHADOWS UNITY_PBS_USE_BRDF3 SHADER_API_DESKTOP UNITY_LIGHTMAP_FULL_HDR uKW=SCREEN_SPACE_SHADOWS_OFF PROBE_VOLUMES_OFF SHADOW_LOW SHADER_STAGE_COMPUTE platform=d3d11 flags=0 reqs=16385 forceDXC=0 forceFXC=0 ok=1 outsize=125917

Cmd: shutdown
